0 info it worked if it ends with ok
1 verbose cli [ 'node', '/usr/local/bin/npm', 'start' ]
2 info using npm@2.10.0
3 info using node@v0.10.33
4 verbose run-script [ 'prestart', 'start', 'poststart' ]
5 info prestart redux-simple-starter@1.0.0
6 info start redux-simple-starter@1.0.0
7 verbose unsafe-perm in lifecycle true
8 info redux-simple-starter@1.0.0 Failed to exec start script
9 verbose stack Error: redux-simple-starter@1.0.0 start: `node ./node_modules/webpack-dev-server/bin/webpack-dev-server.js`
9 verbose stack Exit status 8
9 verbose stack     at EventEmitter.<anonymous> (/usr/local/lib/node_modules/npm/lib/utils/lifecycle.js:213:16)
9 verbose stack     at EventEmitter.emit (events.js:98:17)
9 verbose stack     at ChildProcess.<anonymous> (/usr/local/lib/node_modules/npm/lib/utils/spawn.js:24:14)
9 verbose stack     at ChildProcess.emit (events.js:98:17)
9 verbose stack     at maybeClose (child_process.js:756:16)
9 verbose stack     at Process.ChildProcess._handle.onexit (child_process.js:823:5)
10 verbose pkgid redux-simple-starter@1.0.0
11 verbose cwd /Users/doug/Dev/react_udemy_course/react_learn_routes
12 error Darwin 14.5.0
13 error argv "node" "/usr/local/bin/npm" "start"
14 error node v0.10.33
15 error npm  v2.10.0
16 error code ELIFECYCLE
17 error redux-simple-starter@1.0.0 start: `node ./node_modules/webpack-dev-server/bin/webpack-dev-server.js`
17 error Exit status 8
18 error Failed at the redux-simple-starter@1.0.0 start script 'node ./node_modules/webpack-dev-server/bin/webpack-dev-server.js'.
18 error This is most likely a problem with the redux-simple-starter package,
18 error not with npm itself.
18 error Tell the author that this fails on your system:
18 error     node ./node_modules/webpack-dev-server/bin/webpack-dev-server.js
18 error You can get their info via:
18 error     npm owner ls redux-simple-starter
18 error There is likely additional logging output above.
19 verbose exit [ 1, true ]
